{
  "RSpec": {
    "coverage": {
      "/Users/catherinemcloughlin/Desktop/8th_light/tictactoe/lib/tictactoe.rb": [
        1,
        1,
        1,
        1,
        1,
        1,
        1,
        1,
        1,
        1,
        1,
        1,
        1,
        1
      ],
      "/Users/catherinemcloughlin/Desktop/8th_light/tictactoe/lib/tictactoe/models/board.rb": [
        1,
        1,
        1,
        null,
        14,
        38,
        38,
        null,
        null,
        1,
        1,
        null,
        null,
        1,
        6155,
        4794,
        3569,
        null,
        null,
        1,
        7518,
        18044,
        null,
        null,
        null,
        null,
        1,
        6021,
        6021,
        15609,
        null,
        null,
        null,
        null,
        1,
        3572,
        3572,
        null,
        3572,
        3,
        3569,
        0,
        null,
        null,
        null,
        null,
        null,
        1,
        6021,
        6021,
        18063,
        null,
        6021,
        null,
        null,
        1,
        4561,
        2365,
        null,
        2196,
        null,
        null,
        null,
        1,
        1784,
        null,
        null,
        1,
        5369,
        null,
        null,
        1,
        17840,
        null,
        null,
        null
      ],
      "/Users/catherinemcloughlin/Desktop/8th_light/tictactoe/lib/tictactoe/models/classic_game.rb": [
        1,
        1,
        1,
        null,
        1,
        35,
        35,
        35,
        35,
        null,
        null,
        1,
        2,
        2,
        null,
        0,
        null,
        null,
        null,
        1,
        1,
        null,
        null,
        1,
        1,
        1,
        null,
        null,
        1,
        6926,
        null,
        null,
        1,
        6757,
        null,
        null,
        null
      ],
      "/Users/catherinemcloughlin/Desktop/8th_light/tictactoe/lib/tictactoe/models/computer.rb": [
        1,
        1,
        1,
        null,
        1,
        42,
        null,
        null,
        1,
        1,
        1,
        1,
        null,
        null,
        1,
        2781,
        999,
        null,
        null,
        1782,
        1782,
        1782,
        null,
        1782,
        894,
        894,
        894,
        null,
        888,
        888,
        888,
        null,
        null,
        null,
        1,
        1782,
        null,
        1782,
        2778,
        2778,
        null,
        2778,
        2778,
        null,
        null,
        null,
        1,
        894,
        null,
        null,
        1,
        888,
        null,
        null,
        1,
        1000,
        414,
        586,
        585,
        null,
        1,
        null,
        null,
        null,
        null
      ],
      "/Users/catherinemcloughlin/Desktop/8th_light/tictactoe/lib/tictactoe/models/output.rb": [
        1,
        1,
        1,
        0,
        null,
        null,
        1,
        0,
        null,
        null,
        1,
        0,
        null,
        null,
        null
      ],
      "/Users/catherinemcloughlin/Desktop/8th_light/tictactoe/lib/tictactoe/models/player.rb": [
        1,
        1,
        1,
        null,
        1,
        2,
        2,
        1,
        null,
        1,
        null,
        null,
        null,
        1,
        2,
        2,
        1,
        null,
        null,
        1,
        6,
        null,
        null,
        1,
        10,
        null,
        null,
        1,
        4,
        null,
        null,
        null
      ],
      "/Users/catherinemcloughlin/Desktop/8th_light/tictactoe/lib/tictactoe/models/two_computer_game.rb": [
        1,
        1,
        1,
        null,
        1,
        3,
        3,
        3,
        3,
        3,
        3,
        null,
        null,
        1,
        0,
        null,
        null,
        1,
        0,
        null,
        null,
        null,
        null
      ],
      "/Users/catherinemcloughlin/Desktop/8th_light/tictactoe/lib/tictactoe/models/two_player_game.rb": [
        1,
        1,
        1,
        null,
        1,
        4,
        4,
        null,
        null,
        1,
        4,
        2,
        2,
        2,
        null,
        0,
        null,
        null,
        null,
        1,
        0,
        null,
        null,
        1,
        0,
        0,
        0,
        null,
        0,
        0,
        null,
        null,
        null,
        1,
        0,
        null,
        null,
        1,
        0,
        null,
        null,
        null
      ],
      "/Users/catherinemcloughlin/Desktop/8th_light/tictactoe/lib/tictactoe/models/user_input.rb": [
        1,
        1,
        1,
        0,
        null,
        null,
        null
      ],
      "/Users/catherinemcloughlin/Desktop/8th_light/tictactoe/lib/tictactoe/controllers/game_creator.rb": [
        1,
        1,
        1,
        null,
        1,
        17,
        17,
        null,
        null,
        1,
        4,
        4,
        4,
        null,
        null,
        1,
        3,
        null,
        null,
        1,
        4,
        null,
        null,
        1,
        13,
        null,
        4,
        4,
        null,
        4,
        4,
        null,
        3,
        3,
        null,
        2,
        2,
        2,
        null,
        null,
        null,
        null
      ],
      "/Users/catherinemcloughlin/Desktop/8th_light/tictactoe/lib/tictactoe/controllers/game_controller.rb": [
        1,
        1,
        null,
        1,
        null,
        1,
        11,
        11,
        11,
        11,
        11,
        11,
        null,
        null,
        1,
        2,
        null,
        null,
        1,
        2,
        2,
        0,
        0,
        0,
        null,
        null,
        null,
        1,
        0,
        0,
        null,
        null,
        1,
        1,
        1,
        null,
        null,
        1,
        1,
        null,
        null,
        1,
        0,
        null,
        null,
        1,
        0,
        0,
        null,
        null,
        1,
        0,
        0,
        0,
        0,
        null,
        null,
        1,
        0,
        null,
        null,
        0,
        null,
        null,
        1,
        0,
        0,
        null,
        null,
        1,
        0,
        0,
        0,
        null,
        null,
        null,
        1,
        0,
        0,
        null,
        0,
        null,
        null,
        1,
        0,
        0,
        0,
        0,
        0,
        null,
        0,
        null,
        null,
        1,
        0,
        0,
        0,
        0,
        null,
        null,
        1,
        0,
        null,
        null,
        1,
        0,
        0,
        0,
        0,
        0,
        null,
        0,
        null,
        null,
        null,
        null
      ],
      "/Users/catherinemcloughlin/Desktop/8th_light/tictactoe/lib/tictactoe/controllers/classic_game_controller.rb": [
        1,
        1,
        null,
        1,
        2,
        2,
        null,
        null,
        1,
        1,
        null,
        null,
        1,
        1,
        1,
        0,
        0,
        0,
        null,
        1,
        null,
        null,
        1,
        0,
        0,
        0,
        0,
        0,
        0,
        null,
        0,
        0,
        0,
        null,
        0,
        null,
        null,
        null,
        null,
        null,
        null
      ],
      "/Users/catherinemcloughlin/Desktop/8th_light/tictactoe/lib/tictactoe/controllers/two_computer_game_controller.rb": [
        1,
        1,
        null,
        1,
        1,
        1,
        null,
        null,
        1,
        1,
        1,
        null,
        null,
        1,
        0,
        0,
        0,
        0,
        0,
        0,
        null,
        0,
        null,
        null,
        null,
        null
      ],
      "/Users/catherinemcloughlin/Desktop/8th_light/tictactoe/lib/tictactoe/controllers/two_player_game_controller.rb": [
        1,
        1,
        null,
        1,
        2,
        2,
        2,
        2,
        null,
        null,
        1,
        4,
        null,
        null,
        1,
        4,
        4,
        0,
        0,
        0,
        null,
        null,
        null,
        1,
        1,
        null,
        null,
        1,
        0,
        0,
        0,
        0,
        0,
        null,
        0,
        null,
        null,
        1,
        0,
        0,
        0,
        0,
        0,
        null,
        0,
        null,
        null,
        null,
        null,
        null
      ],
      "/Users/catherinemcloughlin/Desktop/8th_light/tictactoe/lib/tictactoe/views/tictactoe_view.rb": [
        1,
        1,
        1,
        0,
        null,
        null,
        1,
        0,
        null,
        null,
        1,
        null,
        null,
        null,
        0,
        null,
        null,
        1,
        0,
        null,
        null,
        1,
        0,
        null,
        null,
        1,
        0,
        null,
        null,
        1,
        0,
        null,
        null,
        1,
        0,
        0,
        0,
        0,
        null,
        null,
        null,
        1,
        0,
        null,
        null,
        1,
        0,
        null,
        null,
        1,
        0,
        null,
        null,
        1,
        0,
        null,
        null,
        1,
        0,
        null,
        null,
        1,
        0,
        null,
        null,
        1,
        0,
        null,
        null,
        1,
        0,
        null,
        null,
        1,
        0,
        null,
        null,
        null
      ],
      "/Users/catherinemcloughlin/Desktop/8th_light/tictactoe/spec/tictactoe/computer_spec.rb": [
        1,
        null,
        1,
        1,
        7,
        7,
        7,
        7,
        7,
        7,
        null,
        5,
        7,
        7,
        null,
        1,
        1,
        1,
        null,
        null,
        null,
        1,
        1,
        1,
        1,
        null,
        null,
        null,
        1,
        1,
        1,
        null,
        null,
        null,
        1,
        1,
        1,
        1,
        null,
        null,
        1,
        1,
        null,
        null,
        null,
        1,
        1,
        1,
        null,
        null,
        null,
        null
      ],
      "/Users/catherinemcloughlin/Desktop/8th_light/tictactoe/spec/tictactoe/game_controller_spec.rb": [
        1,
        null,
        1,
        1,
        9,
        9,
        9,
        3,
        null,
        1,
        1,
        3,
        1,
        1,
        1,
        null,
        null,
        1,
        1,
        1,
        null,
        null,
        null,
        1,
        3,
        3,
        3,
        null,
        1,
        1,
        1,
        null,
        null,
        1,
        1,
        1,
        null,
        null,
        null,
        1,
        2,
        1,
        1,
        1,
        null,
        null,
        null,
        null,
        1,
        1,
        2,
        2,
        1,
        1,
        1,
        null,
        null,
        null,
        1,
        2,
        1,
        1,
        1,
        null,
        null,
        null,
        1,
        2,
        1,
        1,
        1,
        null,
        null,
        null,
        null,
        null
      ],
      "/Users/catherinemcloughlin/Desktop/8th_light/tictactoe/spec/tictactoe/game_creator_spec.rb": [
        1,
        null,
        1,
        1,
        10,
        10,
        10,
        null,
        null,
        null,
        1,
        null,
        1,
        5,
        1,
        1,
        null,
        null,
        1,
        1,
        null,
        null,
        1,
        1,
        null,
        null,
        1,
        1,
        null,
        null,
        null,
        1,
        1,
        3,
        1,
        1,
        null,
        null,
        1,
        1,
        null,
        null,
        null,
        1,
        1,
        1,
        1,
        null,
        null,
        1,
        1,
        1,
        null,
        null,
        1,
        1,
        1,
        null,
        null,
        null,
        null,
        null
      ],
      "/Users/catherinemcloughlin/Desktop/8th_light/tictactoe/spec/tictactoe/player_spec.rb": [
        1,
        null,
        1,
        1,
        7,
        5,
        5,
        null,
        1,
        1,
        1,
        1,
        null,
        null,
        1,
        1,
        1,
        1,
        null,
        null,
        null,
        1,
        1,
        1,
        2,
        1,
        null,
        null,
        null,
        1,
        1,
        2,
        1,
        null,
        null,
        null,
        null,
        1,
        1,
        1,
        1,
        null,
        null,
        null,
        1,
        1,
        1,
        null,
        null,
        null,
        1,
        1,
        1,
        null,
        null,
        null,
        1,
        1,
        1,
        1,
        1,
        null,
        null,
        null,
        null,
        1,
        1,
        1,
        1,
        null,
        null,
        null,
        1,
        1,
        1,
        null,
        null,
        null,
        null,
        null
      ]
    },
    "timestamp": 1449552522
  }
}
